2021/01/28 13:49:09: Processando: g1;http://g1.globo.com/dynamo/rss2.xml

2021/01/28 13:49:09: Processando: gazeta do povo;https://www.gazetadopovo.com.br/feed/rss/mundo.xml

2021/01/28 13:49:09: Processando: agencia brasil;http://agenciabrasil.ebc.com.br/rss/ultimasnoticias/feed.xml

2021/01/28 13:49:10: Processando: extra;https://extra.globo.com/rss.xml

2021/01/28 13:49:10: Processando: r7;https://noticias.r7.com/feed.xml

2021/01/28 13:49:10: Processando: terra;http://rss.terra.com.br/0,,EI1,00.xml

2021/01/28 13:49:10: Processando: oglobo;http://oglobo.globo.com/rss/plantao.xml

2021/01/28 13:49:11: Processando: gazeta opniao;https://www.gazetadopovo.com.br/feed/rss/opiniao.xml

2021/01/28 13:49:11: Processando: gazeta cultura;https://www.gazetadopovo.com.br/feed/rss/cultura.xml

2021/01/28 13:49:12: Processando: ultimas folha;https://feeds.folha.uol.com.br/emcimadahora/rss091.xml

2021/01/28 13:49:12: Processando: mundo folha;https://feeds.folha.uol.com.br/mundo/rss091.xml

2021/01/28 13:49:12: Processando: tec folha;https://feeds.folha.uol.com.br/tec/rss091.xml

2021/01/28 13:49:12: Processando: folhinha;https://feeds.folha.uol.com.br/folhinha/rss091.xml

2021/01/28 13:49:12: Processando: ilustrada;https://feeds.folha.uol.com.br/ilustrada/rss091.xml

2021/01/28 13:49:13: Processando: F5;https://feeds.folha.uol.com.br/f5/tudo/rss091.xml

2021/01/28 13:49:13: Processando: usp;https://jornal.usp.br/feed/

2021/01/28 13:49:13: Processando: unicamp;https://www.unicamp.br/unicamp/rss.xml

2021/01/28 13:49:14: Processando: correio bsb;https://correiobraziliense.webnode.com.br/rss/all.xml

2021/01/28 13:49:15: Processando: r7 sp;https://noticias.r7.com/sao-paulo/feed.xml

2021/01/28 13:49:15: Processando: gamespot;https://www.gamespot.com/feeds/mashup

2021/01/28 13:49:16: Processando: jovem pan;https://jovempan.com.br/feed

2021/01/28 13:49:16: Processando: anomalist;https://node2.feed43.com/anomalist.xml

2021/01/28 13:49:17: Processando: mental floss;https://www.mentalfloss.com/rss.xml

2021/01/28 13:49:17: Processando: the fact;https://www.thefactsite.com/feed/

2021/01/28 13:49:18: Processando: bbc uk;http://feeds.bbci.co.uk/news/world/rss.xml

2021/01/28 13:49:18: Processando: the cipher;https://www.thecipherbrief.com/feed

2021/01/28 13:49:18: Processando: putinik;https://sputniknews.com/export/rss2/world/index.xml

2021/01/28 13:49:19: Processando: internet protocol;https://internetprotocol.co/rss/

2021/01/28 13:49:21: Processando: cnet;https://www.cnet.com/rss/news/ 

2021/01/28 13:49:21: Processando: onu;https://news.un.org/feed/subscribe/pt/news/topic/climate-change/feed/rss.xml

2021/01/28 13:49:22: Processando: wired;https://www.wired.com/feed/rss

2021/01/28 13:49:23: Processando: 

2021/01/28 13:49:23: Processando: 

2021/01/28 13:49:23: Processando:            

2021/01/28 13:49:23: Processando: 

2021/01/28 13:49:23: Processando: 

2021/01/28 13:49:53: Processando: g1;http://g1.globo.com/dynamo/rss2.xml

2021/01/28 13:49:53: Processando: gazeta do povo;https://www.gazetadopovo.com.br/feed/rss/mundo.xml

2021/01/28 13:49:53: Processando: agencia brasil;http://agenciabrasil.ebc.com.br/rss/ultimasnoticias/feed.xml

2021/01/28 13:49:53: Processando: extra;https://extra.globo.com/rss.xml

2021/01/28 13:49:54: Processando: r7;https://noticias.r7.com/feed.xml

2021/01/28 13:49:54: Processando: terra;http://rss.terra.com.br/0,,EI1,00.xml

2021/01/28 13:49:54: Processando: oglobo;http://oglobo.globo.com/rss/plantao.xml

2021/01/28 13:49:55: Processando: gazeta opniao;https://www.gazetadopovo.com.br/feed/rss/opiniao.xml

2021/01/28 13:49:55: Processando: gazeta cultura;https://www.gazetadopovo.com.br/feed/rss/cultura.xml

2021/01/28 13:49:55: Processando: ultimas folha;https://feeds.folha.uol.com.br/emcimadahora/rss091.xml

2021/01/28 13:49:56: Processando: mundo folha;https://feeds.folha.uol.com.br/mundo/rss091.xml

2021/01/28 13:49:56: Processando: tec folha;https://feeds.folha.uol.com.br/tec/rss091.xml

2021/01/28 13:49:56: Processando: folhinha;https://feeds.folha.uol.com.br/folhinha/rss091.xml

2021/01/28 13:49:56: Processando: ilustrada;https://feeds.folha.uol.com.br/ilustrada/rss091.xml

2021/01/28 13:49:56: Processando: F5;https://feeds.folha.uol.com.br/f5/tudo/rss091.xml

2021/01/28 13:49:56: Processando: usp;https://jornal.usp.br/feed/

2021/01/28 13:49:57: Processando: unicamp;https://www.unicamp.br/unicamp/rss.xml

2021/01/28 13:49:57: Processando: correio bsb;https://correiobraziliense.webnode.com.br/rss/all.xml

2021/01/28 13:49:59: Processando: g1;http://g1.globo.com/dynamo/rss2.xml

2021/01/28 13:49:59: Processando: gazeta do povo;https://www.gazetadopovo.com.br/feed/rss/mundo.xml

2021/01/28 13:49:59: Processando: agencia brasil;http://agenciabrasil.ebc.com.br/rss/ultimasnoticias/feed.xml

2021/01/28 13:49:59: Processando: extra;https://extra.globo.com/rss.xml

2021/01/28 13:50:01: Processando: r7;https://noticias.r7.com/feed.xml

2021/01/28 13:50:01: Processando: terra;http://rss.terra.com.br/0,,EI1,00.xml

2021/01/28 13:50:01: Processando: oglobo;http://oglobo.globo.com/rss/plantao.xml

2021/01/28 13:50:02: Processando: gazeta opniao;https://www.gazetadopovo.com.br/feed/rss/opiniao.xml

2021/01/28 13:50:02: Processando: gazeta cultura;https://www.gazetadopovo.com.br/feed/rss/cultura.xml

2021/01/28 13:50:02: Processando: ultimas folha;https://feeds.folha.uol.com.br/emcimadahora/rss091.xml

2021/01/28 13:50:03: Processando: mundo folha;https://feeds.folha.uol.com.br/mundo/rss091.xml

2021/01/28 13:50:03: Processando: tec folha;https://feeds.folha.uol.com.br/tec/rss091.xml

2021/01/28 13:50:03: Processando: folhinha;https://feeds.folha.uol.com.br/folhinha/rss091.xml

2021/01/28 13:50:03: Processando: ilustrada;https://feeds.folha.uol.com.br/ilustrada/rss091.xml

2021/01/28 13:50:03: Processando: F5;https://feeds.folha.uol.com.br/f5/tudo/rss091.xml

2021/01/28 13:50:03: Processando: usp;https://jornal.usp.br/feed/

2021/01/28 13:50:04: Processando: unicamp;https://www.unicamp.br/unicamp/rss.xml

2021/01/28 13:50:04: Processando: correio bsb;https://correiobraziliense.webnode.com.br/rss/all.xml

2021/01/28 13:50:05: Processando: r7 sp;https://noticias.r7.com/sao-paulo/feed.xml

2021/01/28 13:50:05: Processando: gamespot;https://www.gamespot.com/feeds/mashup

2021/01/28 13:50:06: Processando: jovem pan;https://jovempan.com.br/feed

2021/01/28 13:50:06: Processando: anomalist;https://node2.feed43.com/anomalist.xml

2021/01/28 13:50:07: Processando: mental floss;https://www.mentalfloss.com/rss.xml

2021/01/28 13:50:07: Processando: the fact;https://www.thefactsite.com/feed/

2021/01/28 13:50:08: Processando: bbc uk;http://feeds.bbci.co.uk/news/world/rss.xml

2021/01/28 13:50:08: Processando: the cipher;https://www.thecipherbrief.com/feed

2021/01/28 13:50:08: Processando: putinik;https://sputniknews.com/export/rss2/world/index.xml

2021/01/28 13:50:09: Processando: internet protocol;https://internetprotocol.co/rss/

2021/01/28 13:50:10: Processando: cnet;https://www.cnet.com/rss/news/ 

2021/01/28 13:50:11: Processando: onu;https://news.un.org/feed/subscribe/pt/news/topic/climate-change/feed/rss.xml

2021/01/28 13:50:12: Processando: wired;https://www.wired.com/feed/rss

2021/01/28 13:50:12: Processando: 

2021/01/28 13:50:12: Processando: 

2021/01/28 13:50:12: Processando:            

2021/01/28 13:50:12: Processando: 

2021/01/28 13:50:12: Processando: 

2021/01/28 13:51:46: Processando: g1;http://g1.globo.com/dynamo/rss2.xml
2021/01/28 13:51:46: Processando: gazeta do povo;https://www.gazetadopovo.com.br/feed/rss/mundo.xml
2021/01/28 13:51:47: Processando: agencia brasil;http://agenciabrasil.ebc.com.br/rss/ultimasnoticias/feed.xml
2021/01/28 13:51:47: Processando: extra;https://extra.globo.com/rss.xml
2021/01/28 13:51:47: Processando: r7;https://noticias.r7.com/feed.xml
2021/01/28 13:51:47: Processando: terra;http://rss.terra.com.br/0,,EI1,00.xml
2021/01/28 13:51:48: Processando: oglobo;http://oglobo.globo.com/rss/plantao.xml
2021/01/28 13:51:48: Processando: gazeta opniao;https://www.gazetadopovo.com.br/feed/rss/opiniao.xml
2021/01/28 13:51:49: Processando: gazeta cultura;https://www.gazetadopovo.com.br/feed/rss/cultura.xml
2021/01/28 13:51:49: Processando: ultimas folha;https://feeds.folha.uol.com.br/emcimadahora/rss091.xml
2021/01/28 13:51:49: Processando: mundo folha;https://feeds.folha.uol.com.br/mundo/rss091.xml
2021/01/28 13:51:49: Processando: tec folha;https://feeds.folha.uol.com.br/tec/rss091.xml
2021/01/28 13:51:50: Processando: folhinha;https://feeds.folha.uol.com.br/folhinha/rss091.xml
2021/01/28 13:51:50: Processando: ilustrada;https://feeds.folha.uol.com.br/ilustrada/rss091.xml
2021/01/28 13:51:50: Processando: F5;https://feeds.folha.uol.com.br/f5/tudo/rss091.xml
2021/01/28 13:51:50: Processando: usp;https://jornal.usp.br/feed/
2021/01/28 13:51:50: Processando: unicamp;https://www.unicamp.br/unicamp/rss.xml
2021/01/28 13:51:51: Processando: correio bsb;https://correiobraziliense.webnode.com.br/rss/all.xml
2021/01/28 13:51:52: Processando: r7 sp;https://noticias.r7.com/sao-paulo/feed.xml
2021/01/28 13:51:52: Processando: gamespot;https://www.gamespot.com/feeds/mashup
2021/01/28 13:51:53: Processando: jovem pan;https://jovempan.com.br/feed
2021/01/28 13:51:53: Processando: anomalist;https://node2.feed43.com/anomalist.xml
2021/01/28 13:51:54: Processando: mental floss;https://www.mentalfloss.com/rss.xml
2021/01/28 13:51:54: Processando: the fact;https://www.thefactsite.com/feed/
2021/01/28 13:51:55: Processando: bbc uk;http://feeds.bbci.co.uk/news/world/rss.xml
2021/01/28 13:51:55: Processando: the cipher;https://www.thecipherbrief.com/feed
2021/01/28 13:51:56: Processando: putinik;https://sputniknews.com/export/rss2/world/index.xml
2021/01/28 13:51:57: Processando: internet protocol;https://internetprotocol.co/rss/
2021/01/28 13:51:58: Processando: cnet;https://www.cnet.com/rss/news/ 
2021/01/28 13:51:59: Processando: onu;https://news.un.org/feed/subscribe/pt/news/topic/climate-change/feed/rss.xml
2021/01/28 13:51:59: Processando: wired;https://www.wired.com/feed/rss
2021/01/28 13:52:30: Processando: g1;http://g1.globo.com/dynamo/rss2.xml
2021/01/28 13:52:30: Processando: gazeta do povo;https://www.gazetadopovo.com.br/feed/rss/mundo.xml
2021/01/28 13:52:30: Processando: agencia brasil;http://agenciabrasil.ebc.com.br/rss/ultimasnoticias/feed.xml
2021/01/28 13:52:31: Processando: extra;https://extra.globo.com/rss.xml
2021/01/28 13:52:31: Processando: r7;https://noticias.r7.com/feed.xml
2021/01/28 13:52:31: Processando: terra;http://rss.terra.com.br/0,,EI1,00.xml
2021/01/28 13:52:31: Processando: oglobo;http://oglobo.globo.com/rss/plantao.xml
2021/01/28 13:52:32: Processando: gazeta opniao;https://www.gazetadopovo.com.br/feed/rss/opiniao.xml
2021/01/28 13:52:32: Processando: gazeta cultura;https://www.gazetadopovo.com.br/feed/rss/cultura.xml
2021/01/28 13:52:33: Processando: ultimas folha;https://feeds.folha.uol.com.br/emcimadahora/rss091.xml
2021/01/28 13:52:33: Processando: mundo folha;https://feeds.folha.uol.com.br/mundo/rss091.xml
2021/01/28 13:52:33: Processando: tec folha;https://feeds.folha.uol.com.br/tec/rss091.xml
2021/01/28 13:52:33: Processando: folhinha;https://feeds.folha.uol.com.br/folhinha/rss091.xml
2021/01/28 13:52:33: Processando: ilustrada;https://feeds.folha.uol.com.br/ilustrada/rss091.xml
2021/01/28 13:52:33: Processando: F5;https://feeds.folha.uol.com.br/f5/tudo/rss091.xml
2021/01/28 13:52:34: Processando: usp;https://jornal.usp.br/feed/
2021/01/28 13:52:34: Processando: unicamp;https://www.unicamp.br/unicamp/rss.xml
2021/01/28 13:52:34: Processando: correio bsb;https://correiobraziliense.webnode.com.br/rss/all.xml
2021/01/28 13:52:35: Processando: r7 sp;https://noticias.r7.com/sao-paulo/feed.xml
2021/01/28 13:52:35: Processando: gamespot;https://www.gamespot.com/feeds/mashup
2021/01/28 13:52:36: Processando: jovem pan;https://jovempan.com.br/feed
2021/01/28 13:52:37: Processando: anomalist;https://node2.feed43.com/anomalist.xml
2021/01/28 13:52:37: Processando: mental floss;https://www.mentalfloss.com/rss.xml
2021/01/28 13:52:37: Processando: the fact;https://www.thefactsite.com/feed/
2021/01/28 13:52:38: Processando: bbc uk;http://feeds.bbci.co.uk/news/world/rss.xml
2021/01/28 13:52:38: Processando: the cipher;https://www.thecipherbrief.com/feed
2021/01/28 13:52:39: Processando: putinik;https://sputniknews.com/export/rss2/world/index.xml
2021/01/28 13:52:39: Processando: internet protocol;https://internetprotocol.co/rss/
2021/01/28 13:52:40: Processando: cnet;https://www.cnet.com/rss/news/ 
2021/01/28 13:52:41: Processando: onu;https://news.un.org/feed/subscribe/pt/news/topic/climate-change/feed/rss.xml
2021/01/28 13:52:42: Processando: wired;https://www.wired.com/feed/rss
2021/01/28 13:53:12: Processando: g1;http://g1.globo.com/dynamo/rss2.xml
2021/01/28 13:53:12: Processando: gazeta do povo;https://www.gazetadopovo.com.br/feed/rss/mundo.xml
2021/01/28 13:53:12: Processando: agencia brasil;http://agenciabrasil.ebc.com.br/rss/ultimasnoticias/feed.xml
2021/01/28 13:53:13: Processando: extra;https://extra.globo.com/rss.xml
2021/01/28 13:53:13: Processando: r7;https://noticias.r7.com/feed.xml
2021/01/28 13:53:13: Processando: terra;http://rss.terra.com.br/0,,EI1,00.xml
2021/01/28 13:53:13: Processando: oglobo;http://oglobo.globo.com/rss/plantao.xml
2021/01/28 13:53:14: Processando: gazeta opniao;https://www.gazetadopovo.com.br/feed/rss/opiniao.xml
2021/01/28 13:53:14: Processando: gazeta cultura;https://www.gazetadopovo.com.br/feed/rss/cultura.xml
2021/01/28 13:53:15: Processando: ultimas folha;https://feeds.folha.uol.com.br/emcimadahora/rss091.xml
2021/01/28 13:53:15: Processando: mundo folha;https://feeds.folha.uol.com.br/mundo/rss091.xml
2021/01/28 13:53:15: Processando: tec folha;https://feeds.folha.uol.com.br/tec/rss091.xml
2021/01/28 13:53:15: Processando: folhinha;https://feeds.folha.uol.com.br/folhinha/rss091.xml
2021/01/28 13:53:15: Processando: ilustrada;https://feeds.folha.uol.com.br/ilustrada/rss091.xml
2021/01/28 13:53:15: Processando: F5;https://feeds.folha.uol.com.br/f5/tudo/rss091.xml
2021/01/28 13:53:16: Processando: usp;https://jornal.usp.br/feed/
2021/01/28 13:53:16: Processando: unicamp;https://www.unicamp.br/unicamp/rss.xml
2021/01/28 13:53:16: Processando: correio bsb;https://correiobraziliense.webnode.com.br/rss/all.xml
2021/01/28 13:53:17: Processando: r7 sp;https://noticias.r7.com/sao-paulo/feed.xml
2021/01/28 13:53:17: Processando: gamespot;https://www.gamespot.com/feeds/mashup
2021/01/28 13:53:18: Processando: jovem pan;https://jovempan.com.br/feed
2021/01/28 13:53:18: Processando: anomalist;https://node2.feed43.com/anomalist.xml
2021/01/28 13:53:19: Processando: mental floss;https://www.mentalfloss.com/rss.xml
2021/01/28 13:53:19: Processando: the fact;https://www.thefactsite.com/feed/
2021/01/28 13:53:20: Processando: bbc uk;http://feeds.bbci.co.uk/news/world/rss.xml
2021/01/28 13:53:20: Processando: the cipher;https://www.thecipherbrief.com/feed
2021/01/28 13:53:21: Processando: putinik;https://sputniknews.com/export/rss2/world/index.xml
2021/01/28 13:53:21: Processando: internet protocol;https://internetprotocol.co/rss/
2021/01/28 13:53:23: Processando: cnet;https://www.cnet.com/rss/news/ 
2021/01/28 13:53:23: Processando: onu;https://news.un.org/feed/subscribe/pt/news/topic/climate-change/feed/rss.xml
2021/01/28 13:53:24: Processando: wired;https://www.wired.com/feed/rss
2021/01/28 13:53:44: Processando: g1;http://g1.globo.com/dynamo/rss2.xml
2021/01/28 13:53:44: Processando: gazeta do povo;https://www.gazetadopovo.com.br/feed/rss/mundo.xml
2021/01/28 13:53:44: Processando: agencia brasil;http://agenciabrasil.ebc.com.br/rss/ultimasnoticias/feed.xml
2021/01/28 13:53:44: Processando: extra;https://extra.globo.com/rss.xml
2021/01/28 13:53:45: Processando: r7;https://noticias.r7.com/feed.xml
2021/01/28 13:53:45: Processando: terra;http://rss.terra.com.br/0,,EI1,00.xml
2021/01/28 13:53:52: Processando: oglobo;http://oglobo.globo.com/rss/plantao.xml
2021/01/28 13:53:53: Processando: gazeta opniao;https://www.gazetadopovo.com.br/feed/rss/opiniao.xml
2021/01/28 13:53:53: Processando: gazeta cultura;https://www.gazetadopovo.com.br/feed/rss/cultura.xml
2021/01/28 13:53:53: Processando: ultimas folha;https://feeds.folha.uol.com.br/emcimadahora/rss091.xml
2021/01/28 13:53:54: Processando: mundo folha;https://feeds.folha.uol.com.br/mundo/rss091.xml
2021/01/28 13:53:54: Processando: tec folha;https://feeds.folha.uol.com.br/tec/rss091.xml
2021/01/28 13:53:54: Processando: folhinha;https://feeds.folha.uol.com.br/folhinha/rss091.xml
2021/01/28 13:53:54: Processando: ilustrada;https://feeds.folha.uol.com.br/ilustrada/rss091.xml
2021/01/28 13:53:54: Processando: F5;https://feeds.folha.uol.com.br/f5/tudo/rss091.xml
2021/01/28 13:53:54: Processando: usp;https://jornal.usp.br/feed/
2021/01/28 13:53:55: Processando: unicamp;https://www.unicamp.br/unicamp/rss.xml
2021/01/28 13:53:55: Processando: correio bsb;https://correiobraziliense.webnode.com.br/rss/all.xml
2021/01/28 13:53:56: Processando: r7 sp;https://noticias.r7.com/sao-paulo/feed.xml
2021/01/28 13:53:56: Processando: gamespot;https://www.gamespot.com/feeds/mashup
2021/01/28 13:53:57: Processando: jovem pan;https://jovempan.com.br/feed
2021/01/28 13:53:57: Processando: anomalist;https://node2.feed43.com/anomalist.xml
2021/01/28 13:53:58: Processando: mental floss;https://www.mentalfloss.com/rss.xml
2021/01/28 13:53:58: Processando: the fact;https://www.thefactsite.com/feed/
2021/01/28 13:53:59: Processando: bbc uk;http://feeds.bbci.co.uk/news/world/rss.xml
2021/01/28 13:53:59: Processando: the cipher;https://www.thecipherbrief.com/feed
2021/01/28 13:54:00: Processando: putinik;https://sputniknews.com/export/rss2/world/index.xml
2021/01/28 13:54:01: Processando: internet protocol;https://internetprotocol.co/rss/
2021/01/28 13:54:02: Processando: cnet;https://www.cnet.com/rss/news/ 
2021/01/28 13:54:03: Processando: onu;https://news.un.org/feed/subscribe/pt/news/topic/climate-change/feed/rss.xml
2021/01/28 13:54:03: Processando: wired;https://www.wired.com/feed/rss
2021/01/28 13:54:04: Gerando lista ordenada.
2021/01/28 13:54:04: Aguardando para proximo refresh.
2021/01/28 13:54:34: Processando: g1;http://g1.globo.com/dynamo/rss2.xml
2021/01/28 13:54:34: Processando: gazeta do povo;https://www.gazetadopovo.com.br/feed/rss/mundo.xml
2021/01/28 13:54:34: Processando: agencia brasil;http://agenciabrasil.ebc.com.br/rss/ultimasnoticias/feed.xml
2021/01/28 13:54:35: Processando: extra;https://extra.globo.com/rss.xml
2021/01/28 13:54:36: Processando: r7;https://noticias.r7.com/feed.xml
2021/01/28 13:54:36: Processando: terra;http://rss.terra.com.br/0,,EI1,00.xml
2021/01/28 13:54:36: Processando: oglobo;http://oglobo.globo.com/rss/plantao.xml
2021/01/28 13:54:37: Processando: gazeta opniao;https://www.gazetadopovo.com.br/feed/rss/opiniao.xml
2021/01/28 13:54:37: Processando: gazeta cultura;https://www.gazetadopovo.com.br/feed/rss/cultura.xml
2021/01/28 13:54:38: Processando: ultimas folha;https://feeds.folha.uol.com.br/emcimadahora/rss091.xml
2021/01/28 13:54:38: Processando: mundo folha;https://feeds.folha.uol.com.br/mundo/rss091.xml
2021/01/28 13:54:38: Processando: tec folha;https://feeds.folha.uol.com.br/tec/rss091.xml
2021/01/28 13:54:38: Processando: folhinha;https://feeds.folha.uol.com.br/folhinha/rss091.xml
2021/01/28 13:54:38: Processando: ilustrada;https://feeds.folha.uol.com.br/ilustrada/rss091.xml
2021/01/28 13:54:38: Processando: F5;https://feeds.folha.uol.com.br/f5/tudo/rss091.xml
2021/01/28 13:54:39: Processando: usp;https://jornal.usp.br/feed/
2021/01/28 13:54:39: Processando: unicamp;https://www.unicamp.br/unicamp/rss.xml
2021/01/28 13:54:39: Processando: correio bsb;https://correiobraziliense.webnode.com.br/rss/all.xml
2021/01/28 13:54:40: Processando: r7 sp;https://noticias.r7.com/sao-paulo/feed.xml
2021/01/28 13:54:40: Processando: gamespot;https://www.gamespot.com/feeds/mashup
2021/01/28 13:54:41: Processando: jovem pan;https://jovempan.com.br/feed
2021/01/28 13:54:42: Processando: anomalist;https://node2.feed43.com/anomalist.xml
2021/01/28 13:54:42: Processando: mental floss;https://www.mentalfloss.com/rss.xml
2021/01/28 13:54:42: Processando: the fact;https://www.thefactsite.com/feed/
2021/01/28 13:54:43: Processando: bbc uk;http://feeds.bbci.co.uk/news/world/rss.xml
2021/01/28 13:54:43: Processando: the cipher;https://www.thecipherbrief.com/feed
2021/01/28 13:54:44: Processando: putinik;https://sputniknews.com/export/rss2/world/index.xml
2021/01/28 13:54:45: Processando: internet protocol;https://internetprotocol.co/rss/
2021/01/28 13:54:46: Processando: cnet;https://www.cnet.com/rss/news/ 
2021/01/28 13:54:47: Processando: onu;https://news.un.org/feed/subscribe/pt/news/topic/climate-change/feed/rss.xml
2021/01/28 13:54:47: Processando: wired;https://www.wired.com/feed/rss
2021/01/28 13:54:48: Gerando lista ordenada.
2021/01/28 13:54:48: Aguardando para proximo refresh.
